
2015-07-29 23:31:37
[ERROR]-[Thread: qtp4467605-20]-[freemarker.log._Log4JLoggerFactory$Log4JLogger.error()]: Error executing FreeMarker template
FreeMarker template error:
Can't compare values of these types. Allowed comparisons are between two numbers, two strings, two dates, or two booleans.
Left hand operand is a string (wrapper: f.t.SimpleScalar).
Right hand operand is a number (wrapper: f.t.SimpleNumber).
The blamed expression:
==> (useCase.timeOut!"")==30  [in template "api/api.html" at line 486, column 65]

The failing instruction (FTL stack trace):
----------
==> #if (useCase.timeOut!"") == 30  [in template "api/api.html" at line 486, column 60]
    #nested  [in template "common/content_layout.html" in macro "layout" at line 19, column 25]
    @layout  [in template "api/api.html" at line 2, column 1]
----------

Java stack trace (for programmers):
----------
freemarker.core._MiscTemplateException: [... Exception message was already printed; see it above ...]
	at freemarker.core.EvalUtil.compare(EvalUtil.java:335)
	at freemarker.core.EvalUtil.compare(EvalUtil.java:148)
	at freemarker.core.ComparisonExpression.evalToBoolean(ComparisonExpression.java:103)
	at freemarker.core.ConditionalBlock.accept(ConditionalBlock.java:84)
	at freemarker.core.Environment.visit(Environment.java:265)
	at freemarker.core.MixedContent.accept(MixedContent.java:93)
	at freemarker.core.Environment.visit(Environment.java:265)
	at freemarker.core.Environment.visit(Environment.java:487)
	at freemarker.core.BodyInstruction.accept(BodyInstruction.java:93)
	at freemarker.core.Environment.visit(Environment.java:265)
	at freemarker.core.MixedContent.accept(MixedContent.java:93)
	at freemarker.core.Environment.visit(Environment.java:265)
	at freemarker.core.Macro$Context.runMacro(Macro.java:209)
	at freemarker.core.Environment.visit(Environment.java:694)
	at freemarker.core.UnifiedCall.accept(UnifiedCall.java:116)
	at freemarker.core.Environment.visit(Environment.java:265)
	at freemarker.core.MixedContent.accept(MixedContent.java:93)
	at freemarker.core.Environment.visit(Environment.java:265)
	at freemarker.core.Environment.process(Environment.java:243)
	at freemarker.template.Template.process(Template.java:277)
	at com.jfinal.render.FreeMarkerRender.render(FreeMarkerRender.java:128)
	at com.jfinal.core.ActionHandler.handle(ActionHandler.java:93)
	at com.jfinal.core.JFinalFilter.doFilter(JFinalFilter.java:72)
	at org.eclipse.jetty.servlet.ServletHandler$CachedChain.doFilter(ServletHandler.java:1307)
	at org.eclipse.jetty.servlet.ServletHandler.doHandle(ServletHandler.java:453)
	at org.eclipse.jetty.server.handler.ScopedHandler.handle(ScopedHandler.java:137)
	at org.eclipse.jetty.security.SecurityHandler.handle(SecurityHandler.java:560)
	at org.eclipse.jetty.server.session.SessionHandler.doHandle(SessionHandler.java:231)
	at org.eclipse.jetty.server.handler.ContextHandler.doHandle(ContextHandler.java:1072)
	at org.eclipse.jetty.servlet.ServletHandler.doScope(ServletHandler.java:382)
	at org.eclipse.jetty.server.session.SessionHandler.doScope(SessionHandler.java:193)
	at org.eclipse.jetty.server.handler.ContextHandler.doScope(ContextHandler.java:1006)
	at org.eclipse.jetty.server.handler.ScopedHandler.handle(ScopedHandler.java:135)
	at org.eclipse.jetty.server.handler.HandlerWrapper.handle(HandlerWrapper.java:116)
	at org.eclipse.jetty.server.Server.handle(Server.java:365)
	at org.eclipse.jetty.server.AbstractHttpConnection.handleRequest(AbstractHttpConnection.java:485)
	at org.eclipse.jetty.server.AbstractHttpConnection.headerComplete(AbstractHttpConnection.java:926)
	at org.eclipse.jetty.server.AbstractHttpConnection$RequestHandler.headerComplete(AbstractHttpConnection.java:988)
	at org.eclipse.jetty.http.HttpParser.parseNext(HttpParser.java:635)
	at org.eclipse.jetty.http.HttpParser.parseAvailable(HttpParser.java:235)
	at org.eclipse.jetty.server.AsyncHttpConnection.handle(AsyncHttpConnection.java:82)
	at org.eclipse.jetty.io.nio.SelectChannelEndPoint.handle(SelectChannelEndPoint.java:628)
	at org.eclipse.jetty.io.nio.SelectChannelEndPoint$1.run(SelectChannelEndPoint.java:52)
	at org.eclipse.jetty.util.thread.QueuedThreadPool.runJob(QueuedThreadPool.java:608)
	at org.eclipse.jetty.util.thread.QueuedThreadPool$3.run(QueuedThreadPool.java:543)
	at java.lang.Thread.run(Thread.java:745)

2015-07-29 23:31:37
[ERROR]-[Thread: qtp4467605-20]-[com.jfinal.core.ActionHandler.handle()]: /api/api?id=74
com.jfinal.render.RenderException: freemarker.core._MiscTemplateException: Can't compare values of these types. Allowed comparisons are between two numbers, two strings, two dates, or two booleans.
Left hand operand is a string (wrapper: f.t.SimpleScalar).
Right hand operand is a number (wrapper: f.t.SimpleNumber).
The blamed expression:
==> (useCase.timeOut!"")==30  [in template "api/api.html" at line 486, column 65]

The failing instruction (print stack trace for 2 more):
==> #if (useCase.timeOut!"") == 30  [in template "api/api.html" at line 486, column 60]
	at com.jfinal.render.FreeMarkerRender.render(FreeMarkerRender.java:130)
	at com.jfinal.core.ActionHandler.handle(ActionHandler.java:93)
	at com.jfinal.core.JFinalFilter.doFilter(JFinalFilter.java:72)
	at org.eclipse.jetty.servlet.ServletHandler$CachedChain.doFilter(ServletHandler.java:1307)
	at org.eclipse.jetty.servlet.ServletHandler.doHandle(ServletHandler.java:453)
	at org.eclipse.jetty.server.handler.ScopedHandler.handle(ScopedHandler.java:137)
	at org.eclipse.jetty.security.SecurityHandler.handle(SecurityHandler.java:560)
	at org.eclipse.jetty.server.session.SessionHandler.doHandle(SessionHandler.java:231)
	at org.eclipse.jetty.server.handler.ContextHandler.doHandle(ContextHandler.java:1072)
	at org.eclipse.jetty.servlet.ServletHandler.doScope(ServletHandler.java:382)
	at org.eclipse.jetty.server.session.SessionHandler.doScope(SessionHandler.java:193)
	at org.eclipse.jetty.server.handler.ContextHandler.doScope(ContextHandler.java:1006)
	at org.eclipse.jetty.server.handler.ScopedHandler.handle(ScopedHandler.java:135)
	at org.eclipse.jetty.server.handler.HandlerWrapper.handle(HandlerWrapper.java:116)
	at org.eclipse.jetty.server.Server.handle(Server.java:365)
	at org.eclipse.jetty.server.AbstractHttpConnection.handleRequest(AbstractHttpConnection.java:485)
	at org.eclipse.jetty.server.AbstractHttpConnection.headerComplete(AbstractHttpConnection.java:926)
	at org.eclipse.jetty.server.AbstractHttpConnection$RequestHandler.headerComplete(AbstractHttpConnection.java:988)
	at org.eclipse.jetty.http.HttpParser.parseNext(HttpParser.java:635)
	at org.eclipse.jetty.http.HttpParser.parseAvailable(HttpParser.java:235)
	at org.eclipse.jetty.server.AsyncHttpConnection.handle(AsyncHttpConnection.java:82)
	at org.eclipse.jetty.io.nio.SelectChannelEndPoint.handle(SelectChannelEndPoint.java:628)
	at org.eclipse.jetty.io.nio.SelectChannelEndPoint$1.run(SelectChannelEndPoint.java:52)
	at org.eclipse.jetty.util.thread.QueuedThreadPool.runJob(QueuedThreadPool.java:608)
	at org.eclipse.jetty.util.thread.QueuedThreadPool$3.run(QueuedThreadPool.java:543)
	at java.lang.Thread.run(Thread.java:745)
Caused by: freemarker.core._MiscTemplateException: Can't compare values of these types. Allowed comparisons are between two numbers, two strings, two dates, or two booleans.
Left hand operand is a string (wrapper: f.t.SimpleScalar).
Right hand operand is a number (wrapper: f.t.SimpleNumber).
The blamed expression:
==> (useCase.timeOut!"")==30  [in template "api/api.html" at line 486, column 65]

The failing instruction (print stack trace for 2 more):
==> #if (useCase.timeOut!"") == 30  [in template "api/api.html" at line 486, column 60]
	at freemarker.core.EvalUtil.compare(EvalUtil.java:335)
	at freemarker.core.EvalUtil.compare(EvalUtil.java:148)
	at freemarker.core.ComparisonExpression.evalToBoolean(ComparisonExpression.java:103)
	at freemarker.core.ConditionalBlock.accept(ConditionalBlock.java:84)
	at freemarker.core.Environment.visit(Environment.java:265)
	at freemarker.core.MixedContent.accept(MixedContent.java:93)
	at freemarker.core.Environment.visit(Environment.java:265)
	at freemarker.core.Environment.visit(Environment.java:487)
	at freemarker.core.BodyInstruction.accept(BodyInstruction.java:93)
	at freemarker.core.Environment.visit(Environment.java:265)
	at freemarker.core.MixedContent.accept(MixedContent.java:93)
	at freemarker.core.Environment.visit(Environment.java:265)
	at freemarker.core.Macro$Context.runMacro(Macro.java:209)
	at freemarker.core.Environment.visit(Environment.java:694)
	at freemarker.core.UnifiedCall.accept(UnifiedCall.java:116)
	at freemarker.core.Environment.visit(Environment.java:265)
	at freemarker.core.MixedContent.accept(MixedContent.java:93)
	at freemarker.core.Environment.visit(Environment.java:265)
	at freemarker.core.Environment.process(Environment.java:243)
	at freemarker.template.Template.process(Template.java:277)
	at com.jfinal.render.FreeMarkerRender.render(FreeMarkerRender.java:128)
	... 25 more

2015-07-29 23:31:43
[ERROR]-[Thread: qtp4467605-20]-[freemarker.log._Log4JLoggerFactory$Log4JLogger.error()]: Error executing FreeMarker template
FreeMarker template error:
Can't compare values of these types. Allowed comparisons are between two numbers, two strings, two dates, or two booleans.
Left hand operand is a string (wrapper: f.t.SimpleScalar).
Right hand operand is a number (wrapper: f.t.SimpleNumber).
The blamed expression:
==> (useCase.timeOut!"")==30  [in template "api/api.html" at line 486, column 65]

The failing instruction (FTL stack trace):
----------
==> #if (useCase.timeOut!"") == 30  [in template "api/api.html" at line 486, column 60]
    #nested  [in template "common/content_layout.html" in macro "layout" at line 19, column 25]
    @layout  [in template "api/api.html" at line 2, column 1]
----------

Java stack trace (for programmers):
----------
freemarker.core._MiscTemplateException: [... Exception message was already printed; see it above ...]
	at freemarker.core.EvalUtil.compare(EvalUtil.java:335)
	at freemarker.core.EvalUtil.compare(EvalUtil.java:148)
	at freemarker.core.ComparisonExpression.evalToBoolean(ComparisonExpression.java:103)
	at freemarker.core.ConditionalBlock.accept(ConditionalBlock.java:84)
	at freemarker.core.Environment.visit(Environment.java:265)
	at freemarker.core.MixedContent.accept(MixedContent.java:93)
	at freemarker.core.Environment.visit(Environment.java:265)
	at freemarker.core.Environment.visit(Environment.java:487)
	at freemarker.core.BodyInstruction.accept(BodyInstruction.java:93)
	at freemarker.core.Environment.visit(Environment.java:265)
	at freemarker.core.MixedContent.accept(MixedContent.java:93)
	at freemarker.core.Environment.visit(Environment.java:265)
	at freemarker.core.Macro$Context.runMacro(Macro.java:209)
	at freemarker.core.Environment.visit(Environment.java:694)
	at freemarker.core.UnifiedCall.accept(UnifiedCall.java:116)
	at freemarker.core.Environment.visit(Environment.java:265)
	at freemarker.core.MixedContent.accept(MixedContent.java:93)
	at freemarker.core.Environment.visit(Environment.java:265)
	at freemarker.core.Environment.process(Environment.java:243)
	at freemarker.template.Template.process(Template.java:277)
	at com.jfinal.render.FreeMarkerRender.render(FreeMarkerRender.java:128)
	at com.jfinal.core.ActionHandler.handle(ActionHandler.java:93)
	at com.jfinal.core.JFinalFilter.doFilter(JFinalFilter.java:72)
	at org.eclipse.jetty.servlet.ServletHandler$CachedChain.doFilter(ServletHandler.java:1307)
	at org.eclipse.jetty.servlet.ServletHandler.doHandle(ServletHandler.java:453)
	at org.eclipse.jetty.server.handler.ScopedHandler.handle(ScopedHandler.java:137)
	at org.eclipse.jetty.security.SecurityHandler.handle(SecurityHandler.java:560)
	at org.eclipse.jetty.server.session.SessionHandler.doHandle(SessionHandler.java:231)
	at org.eclipse.jetty.server.handler.ContextHandler.doHandle(ContextHandler.java:1072)
	at org.eclipse.jetty.servlet.ServletHandler.doScope(ServletHandler.java:382)
	at org.eclipse.jetty.server.session.SessionHandler.doScope(SessionHandler.java:193)
	at org.eclipse.jetty.server.handler.ContextHandler.doScope(ContextHandler.java:1006)
	at org.eclipse.jetty.server.handler.ScopedHandler.handle(ScopedHandler.java:135)
	at org.eclipse.jetty.server.handler.HandlerWrapper.handle(HandlerWrapper.java:116)
	at org.eclipse.jetty.server.Server.handle(Server.java:365)
	at org.eclipse.jetty.server.AbstractHttpConnection.handleRequest(AbstractHttpConnection.java:485)
	at org.eclipse.jetty.server.AbstractHttpConnection.headerComplete(AbstractHttpConnection.java:926)
	at org.eclipse.jetty.server.AbstractHttpConnection$RequestHandler.headerComplete(AbstractHttpConnection.java:988)
	at org.eclipse.jetty.http.HttpParser.parseNext(HttpParser.java:635)
	at org.eclipse.jetty.http.HttpParser.parseAvailable(HttpParser.java:235)
	at org.eclipse.jetty.server.AsyncHttpConnection.handle(AsyncHttpConnection.java:82)
	at org.eclipse.jetty.io.nio.SelectChannelEndPoint.handle(SelectChannelEndPoint.java:628)
	at org.eclipse.jetty.io.nio.SelectChannelEndPoint$1.run(SelectChannelEndPoint.java:52)
	at org.eclipse.jetty.util.thread.QueuedThreadPool.runJob(QueuedThreadPool.java:608)
	at org.eclipse.jetty.util.thread.QueuedThreadPool$3.run(QueuedThreadPool.java:543)
	at java.lang.Thread.run(Thread.java:745)

2015-07-29 23:31:43
[ERROR]-[Thread: qtp4467605-20]-[com.jfinal.core.ActionHandler.handle()]: /api/api?id=75
com.jfinal.render.RenderException: freemarker.core._MiscTemplateException: Can't compare values of these types. Allowed comparisons are between two numbers, two strings, two dates, or two booleans.
Left hand operand is a string (wrapper: f.t.SimpleScalar).
Right hand operand is a number (wrapper: f.t.SimpleNumber).
The blamed expression:
==> (useCase.timeOut!"")==30  [in template "api/api.html" at line 486, column 65]

The failing instruction (print stack trace for 2 more):
==> #if (useCase.timeOut!"") == 30  [in template "api/api.html" at line 486, column 60]
	at com.jfinal.render.FreeMarkerRender.render(FreeMarkerRender.java:130)
	at com.jfinal.core.ActionHandler.handle(ActionHandler.java:93)
	at com.jfinal.core.JFinalFilter.doFilter(JFinalFilter.java:72)
	at org.eclipse.jetty.servlet.ServletHandler$CachedChain.doFilter(ServletHandler.java:1307)
	at org.eclipse.jetty.servlet.ServletHandler.doHandle(ServletHandler.java:453)
	at org.eclipse.jetty.server.handler.ScopedHandler.handle(ScopedHandler.java:137)
	at org.eclipse.jetty.security.SecurityHandler.handle(SecurityHandler.java:560)
	at org.eclipse.jetty.server.session.SessionHandler.doHandle(SessionHandler.java:231)
	at org.eclipse.jetty.server.handler.ContextHandler.doHandle(ContextHandler.java:1072)
	at org.eclipse.jetty.servlet.ServletHandler.doScope(ServletHandler.java:382)
	at org.eclipse.jetty.server.session.SessionHandler.doScope(SessionHandler.java:193)
	at org.eclipse.jetty.server.handler.ContextHandler.doScope(ContextHandler.java:1006)
	at org.eclipse.jetty.server.handler.ScopedHandler.handle(ScopedHandler.java:135)
	at org.eclipse.jetty.server.handler.HandlerWrapper.handle(HandlerWrapper.java:116)
	at org.eclipse.jetty.server.Server.handle(Server.java:365)
	at org.eclipse.jetty.server.AbstractHttpConnection.handleRequest(AbstractHttpConnection.java:485)
	at org.eclipse.jetty.server.AbstractHttpConnection.headerComplete(AbstractHttpConnection.java:926)
	at org.eclipse.jetty.server.AbstractHttpConnection$RequestHandler.headerComplete(AbstractHttpConnection.java:988)
	at org.eclipse.jetty.http.HttpParser.parseNext(HttpParser.java:635)
	at org.eclipse.jetty.http.HttpParser.parseAvailable(HttpParser.java:235)
	at org.eclipse.jetty.server.AsyncHttpConnection.handle(AsyncHttpConnection.java:82)
	at org.eclipse.jetty.io.nio.SelectChannelEndPoint.handle(SelectChannelEndPoint.java:628)
	at org.eclipse.jetty.io.nio.SelectChannelEndPoint$1.run(SelectChannelEndPoint.java:52)
	at org.eclipse.jetty.util.thread.QueuedThreadPool.runJob(QueuedThreadPool.java:608)
	at org.eclipse.jetty.util.thread.QueuedThreadPool$3.run(QueuedThreadPool.java:543)
	at java.lang.Thread.run(Thread.java:745)
Caused by: freemarker.core._MiscTemplateException: Can't compare values of these types. Allowed comparisons are between two numbers, two strings, two dates, or two booleans.
Left hand operand is a string (wrapper: f.t.SimpleScalar).
Right hand operand is a number (wrapper: f.t.SimpleNumber).
The blamed expression:
==> (useCase.timeOut!"")==30  [in template "api/api.html" at line 486, column 65]

The failing instruction (print stack trace for 2 more):
==> #if (useCase.timeOut!"") == 30  [in template "api/api.html" at line 486, column 60]
	at freemarker.core.EvalUtil.compare(EvalUtil.java:335)
	at freemarker.core.EvalUtil.compare(EvalUtil.java:148)
	at freemarker.core.ComparisonExpression.evalToBoolean(ComparisonExpression.java:103)
	at freemarker.core.ConditionalBlock.accept(ConditionalBlock.java:84)
	at freemarker.core.Environment.visit(Environment.java:265)
	at freemarker.core.MixedContent.accept(MixedContent.java:93)
	at freemarker.core.Environment.visit(Environment.java:265)
	at freemarker.core.Environment.visit(Environment.java:487)
	at freemarker.core.BodyInstruction.accept(BodyInstruction.java:93)
	at freemarker.core.Environment.visit(Environment.java:265)
	at freemarker.core.MixedContent.accept(MixedContent.java:93)
	at freemarker.core.Environment.visit(Environment.java:265)
	at freemarker.core.Macro$Context.runMacro(Macro.java:209)
	at freemarker.core.Environment.visit(Environment.java:694)
	at freemarker.core.UnifiedCall.accept(UnifiedCall.java:116)
	at freemarker.core.Environment.visit(Environment.java:265)
	at freemarker.core.MixedContent.accept(MixedContent.java:93)
	at freemarker.core.Environment.visit(Environment.java:265)
	at freemarker.core.Environment.process(Environment.java:243)
	at freemarker.template.Template.process(Template.java:277)
	at com.jfinal.render.FreeMarkerRender.render(FreeMarkerRender.java:128)
	... 25 more

2015-07-30 00:04:39
[WARN]-[Thread: Timer-1]-[com.mchange.v2.async.ThreadPoolAsynchronousRunner$DeadlockDetector.run()]: com.mchange.v2.async.ThreadPoolAsynchronousRunner$DeadlockDetector@eff489 -- APPARENT DEADLOCK!!! Creating emergency threads for unassigned pending tasks!

2015-07-30 00:04:39
[WARN]-[Thread: Timer-1]-[com.mchange.v2.async.ThreadPoolAsynchronousRunner$DeadlockDetector.run()]: com.mchange.v2.async.ThreadPoolAsynchronousRunner$DeadlockDetector@eff489 -- APPARENT DEADLOCK!!! Complete Status: 
	Managed Threads: 3
	Active Threads: 0
	Active Tasks: 
	Pending Tasks: 
		com.mchange.v2.resourcepool.BasicResourcePool$AcquireTask@d44d00
		com.mchange.v2.resourcepool.BasicResourcePool$AcquireTask@b636e
		com.mchange.v2.resourcepool.BasicResourcePool$AcquireTask@1acf5dd
		com.mchange.v2.resourcepool.BasicResourcePool$AcquireTask@419cb9
		com.mchange.v2.resourcepool.BasicResourcePool$AcquireTask@1985496
		com.mchange.v2.resourcepool.BasicResourcePool$AcquireTask@1d98131
		com.mchange.v2.resourcepool.BasicResourcePool$AcquireTask@b0d188
Pool thread stack traces:
	Thread[com.mchange.v2.async.ThreadPoolAsynchronousRunner$PoolThread-#0,5,]
	Thread[com.mchange.v2.async.ThreadPoolAsynchronousRunner$PoolThread-#1,5,]
	Thread[com.mchange.v2.async.ThreadPoolAsynchronousRunner$PoolThread-#2,5,]



2015-07-30 00:04:59
[WARN]-[Thread: Timer-1]-[com.mchange.v2.async.ThreadPoolAsynchronousRunner$DeadlockDetector.run()]: com.mchange.v2.async.ThreadPoolAsynchronousRunner$DeadlockDetector@eff489 -- APPARENT DEADLOCK!!! Creating emergency threads for unassigned pending tasks!

2015-07-30 00:04:59
[WARN]-[Thread: Timer-1]-[com.mchange.v2.async.ThreadPoolAsynchronousRunner$DeadlockDetector.run()]: com.mchange.v2.async.ThreadPoolAsynchronousRunner$DeadlockDetector@eff489 -- APPARENT DEADLOCK!!! Complete Status: 
	Managed Threads: 3
	Active Threads: 0
	Active Tasks: 
	Pending Tasks: 
		com.mchange.v2.resourcepool.BasicResourcePool$AcquireTask@11f9c46
		com.mchange.v2.resourcepool.BasicResourcePool$AcquireTask@4cbb51
		com.mchange.v2.resourcepool.BasicResourcePool$AcquireTask@19dd98f
		com.mchange.v2.resourcepool.BasicResourcePool$AcquireTask@366d5a
		com.mchange.v2.resourcepool.BasicResourcePool$AcquireTask@14551ac
		com.mchange.v2.resourcepool.BasicResourcePool$AcquireTask@1f4f4e1
		com.mchange.v2.resourcepool.BasicResourcePool$AcquireTask@f8fe87
		com.mchange.v2.resourcepool.BasicResourcePool$AcquireTask@10e7992
		com.mchange.v2.resourcepool.BasicResourcePool$AcquireTask@14f7f8f
		com.mchange.v2.resourcepool.BasicResourcePool$AcquireTask@3f85f5
Pool thread stack traces:
	Thread[com.mchange.v2.async.ThreadPoolAsynchronousRunner$PoolThread-#1,5,]
	Thread[com.mchange.v2.async.ThreadPoolAsynchronousRunner$PoolThread-#0,5,]
	Thread[com.mchange.v2.async.ThreadPoolAsynchronousRunner$PoolThread-#2,5,]



2015-07-30 00:05:19
[WARN]-[Thread: Timer-1]-[com.mchange.v2.async.ThreadPoolAsynchronousRunner$DeadlockDetector.run()]: com.mchange.v2.async.ThreadPoolAsynchronousRunner$DeadlockDetector@eff489 -- APPARENT DEADLOCK!!! Creating emergency threads for unassigned pending tasks!

2015-07-30 00:05:19
[WARN]-[Thread: Timer-1]-[com.mchange.v2.async.ThreadPoolAsynchronousRunner$DeadlockDetector.run()]: com.mchange.v2.async.ThreadPoolAsynchronousRunner$DeadlockDetector@eff489 -- APPARENT DEADLOCK!!! Complete Status: 
	Managed Threads: 3
	Active Threads: 0
	Active Tasks: 
	Pending Tasks: 
		com.mchange.v2.resourcepool.BasicResourcePool$AcquireTask@e958db
		com.mchange.v2.resourcepool.BasicResourcePool$AcquireTask@1c8c498
		com.mchange.v2.resourcepool.BasicResourcePool$AcquireTask@1e2faf2
		com.mchange.v2.resourcepool.BasicResourcePool$AcquireTask@c96776
		com.mchange.v2.resourcepool.BasicResourcePool$AcquireTask@a77b8f
		com.mchange.v2.resourcepool.BasicResourcePool$AcquireTask@1a10e8c
		com.mchange.v2.resourcepool.BasicResourcePool$AcquireTask@c24088
		com.mchange.v2.resourcepool.BasicResourcePool$AcquireTask@11aae71
		com.mchange.v2.resourcepool.BasicResourcePool$AcquireTask@b2a12f
		com.mchange.v2.resourcepool.BasicResourcePool$AcquireTask@1742988
Pool thread stack traces:
	Thread[com.mchange.v2.async.ThreadPoolAsynchronousRunner$PoolThread-#2,5,]
	Thread[com.mchange.v2.async.ThreadPoolAsynchronousRunner$PoolThread-#0,5,]
	Thread[com.mchange.v2.async.ThreadPoolAsynchronousRunner$PoolThread-#1,5,]



2015-07-30 00:05:39
[WARN]-[Thread: Timer-1]-[com.mchange.v2.async.ThreadPoolAsynchronousRunner$DeadlockDetector.run()]: com.mchange.v2.async.ThreadPoolAsynchronousRunner$DeadlockDetector@eff489 -- APPARENT DEADLOCK!!! Creating emergency threads for unassigned pending tasks!

2015-07-30 00:05:39
[WARN]-[Thread: Timer-1]-[com.mchange.v2.async.ThreadPoolAsynchronousRunner$DeadlockDetector.run()]: com.mchange.v2.async.ThreadPoolAsynchronousRunner$DeadlockDetector@eff489 -- APPARENT DEADLOCK!!! Complete Status: 
	Managed Threads: 3
	Active Threads: 0
	Active Tasks: 
	Pending Tasks: 
		com.mchange.v2.resourcepool.BasicResourcePool$AcquireTask@1cd3820
		com.mchange.v2.resourcepool.BasicResourcePool$AcquireTask@1fc0e0
		com.mchange.v2.resourcepool.BasicResourcePool$AcquireTask@afcbd5
		com.mchange.v2.resourcepool.BasicResourcePool$AcquireTask@16f2f27
		com.mchange.v2.resourcepool.BasicResourcePool$AcquireTask@80bb9d
		com.mchange.v2.resourcepool.BasicResourcePool$AcquireTask@19d6dcf
		com.mchange.v2.resourcepool.BasicResourcePool$AcquireTask@94683b
		com.mchange.v2.resourcepool.BasicResourcePool$AcquireTask@147105a
		com.mchange.v2.resourcepool.BasicResourcePool$AcquireTask@82a737
		com.mchange.v2.resourcepool.BasicResourcePool$AcquireTask@1b0448f
Pool thread stack traces:
	Thread[com.mchange.v2.async.ThreadPoolAsynchronousRunner$PoolThread-#0,5,]
	Thread[com.mchange.v2.async.ThreadPoolAsynchronousRunner$PoolThread-#2,5,]
	Thread[com.mchange.v2.async.ThreadPoolAsynchronousRunner$PoolThread-#1,5,]



2015-07-30 00:05:59
[WARN]-[Thread: Timer-1]-[com.mchange.v2.async.ThreadPoolAsynchronousRunner$DeadlockDetector.run()]: com.mchange.v2.async.ThreadPoolAsynchronousRunner$DeadlockDetector@eff489 -- APPARENT DEADLOCK!!! Creating emergency threads for unassigned pending tasks!

2015-07-30 00:05:59
[WARN]-[Thread: Timer-1]-[com.mchange.v2.async.ThreadPoolAsynchronousRunner$DeadlockDetector.run()]: com.mchange.v2.async.ThreadPoolAsynchronousRunner$DeadlockDetector@eff489 -- APPARENT DEADLOCK!!! Complete Status: 
	Managed Threads: 3
	Active Threads: 0
	Active Tasks: 
	Pending Tasks: 
		com.mchange.v2.resourcepool.BasicResourcePool$AcquireTask@1bbbf85
		com.mchange.v2.resourcepool.BasicResourcePool$AcquireTask@11ac509
		com.mchange.v2.resourcepool.BasicResourcePool$AcquireTask@7e02a6
		com.mchange.v2.resourcepool.BasicResourcePool$AcquireTask@e00ca6
		com.mchange.v2.resourcepool.BasicResourcePool$AcquireTask@15e9d1b
		com.mchange.v2.resourcepool.BasicResourcePool$AcquireTask@9c65a6
		com.mchange.v2.resourcepool.BasicResourcePool$AcquireTask@1d5a6d7
		com.mchange.v2.resourcepool.BasicResourcePool$AcquireTask@1bc8bf1
		com.mchange.v2.resourcepool.BasicResourcePool$AcquireTask@187a002
		com.mchange.v2.resourcepool.BasicResourcePool$AcquireTask@119f9a1
Pool thread stack traces:
	Thread[com.mchange.v2.async.ThreadPoolAsynchronousRunner$PoolThread-#1,5,]
	Thread[com.mchange.v2.async.ThreadPoolAsynchronousRunner$PoolThread-#2,5,]
	Thread[com.mchange.v2.async.ThreadPoolAsynchronousRunner$PoolThread-#0,5,]



2015-07-30 00:06:19
[WARN]-[Thread: Timer-1]-[com.mchange.v2.async.ThreadPoolAsynchronousRunner$DeadlockDetector.run()]: com.mchange.v2.async.ThreadPoolAsynchronousRunner$DeadlockDetector@eff489 -- APPARENT DEADLOCK!!! Creating emergency threads for unassigned pending tasks!

2015-07-30 00:06:19
[WARN]-[Thread: Timer-1]-[com.mchange.v2.async.ThreadPoolAsynchronousRunner$DeadlockDetector.run()]: com.mchange.v2.async.ThreadPoolAsynchronousRunner$DeadlockDetector@eff489 -- APPARENT DEADLOCK!!! Complete Status: 
	Managed Threads: 3
	Active Threads: 0
	Active Tasks: 
	Pending Tasks: 
		com.mchange.v2.resourcepool.BasicResourcePool$AcquireTask@76cb95
		com.mchange.v2.resourcepool.BasicResourcePool$AcquireTask@12facab
		com.mchange.v2.resourcepool.BasicResourcePool$AcquireTask@f129d4
		com.mchange.v2.resourcepool.BasicResourcePool$AcquireTask@f144c2
		com.mchange.v2.resourcepool.BasicResourcePool$AcquireTask@1d9546e
		com.mchange.v2.resourcepool.BasicResourcePool$AcquireTask@1362cc3
		com.mchange.v2.resourcepool.BasicResourcePool$AcquireTask@1b4e811
		com.mchange.v2.resourcepool.BasicResourcePool$AcquireTask@1efca81
		com.mchange.v2.resourcepool.BasicResourcePool$AcquireTask@1d81597
		com.mchange.v2.resourcepool.BasicResourcePool$AcquireTask@171881e
Pool thread stack traces:
	Thread[com.mchange.v2.async.ThreadPoolAsynchronousRunner$PoolThread-#1,5,]
	Thread[com.mchange.v2.async.ThreadPoolAsynchronousRunner$PoolThread-#2,5,]
	Thread[com.mchange.v2.async.ThreadPoolAsynchronousRunner$PoolThread-#0,5,]



2015-07-30 00:06:39
[WARN]-[Thread: Timer-1]-[com.mchange.v2.async.ThreadPoolAsynchronousRunner$DeadlockDetector.run()]: com.mchange.v2.async.ThreadPoolAsynchronousRunner$DeadlockDetector@eff489 -- APPARENT DEADLOCK!!! Creating emergency threads for unassigned pending tasks!

2015-07-30 00:06:39
[WARN]-[Thread: Timer-1]-[com.mchange.v2.async.ThreadPoolAsynchronousRunner$DeadlockDetector.run()]: com.mchange.v2.async.ThreadPoolAsynchronousRunner$DeadlockDetector@eff489 -- APPARENT DEADLOCK!!! Complete Status: 
	Managed Threads: 3
	Active Threads: 0
	Active Tasks: 
	Pending Tasks: 
		com.mchange.v2.resourcepool.BasicResourcePool$AcquireTask@91e34d
		com.mchange.v2.resourcepool.BasicResourcePool$AcquireTask@1e1ea10
		com.mchange.v2.resourcepool.BasicResourcePool$AcquireTask@cde968
		com.mchange.v2.resourcepool.BasicResourcePool$AcquireTask@96e8ce
		com.mchange.v2.resourcepool.BasicResourcePool$AcquireTask@18e37f8
		com.mchange.v2.resourcepool.BasicResourcePool$AcquireTask@1fc81bb
		com.mchange.v2.resourcepool.BasicResourcePool$AcquireTask@a9577a
		com.mchange.v2.resourcepool.BasicResourcePool$AcquireTask@1ae2ed4
		com.mchange.v2.resourcepool.BasicResourcePool$AcquireTask@846c71
		com.mchange.v2.resourcepool.BasicResourcePool$AcquireTask@1eb858c
Pool thread stack traces:
	Thread[com.mchange.v2.async.ThreadPoolAsynchronousRunner$PoolThread-#0,5,]
	Thread[com.mchange.v2.async.ThreadPoolAsynchronousRunner$PoolThread-#1,5,]
	Thread[com.mchange.v2.async.ThreadPoolAsynchronousRunner$PoolThread-#2,5,]



2015-07-30 00:06:59
[WARN]-[Thread: Timer-1]-[com.mchange.v2.async.ThreadPoolAsynchronousRunner$DeadlockDetector.run()]: com.mchange.v2.async.ThreadPoolAsynchronousRunner$DeadlockDetector@eff489 -- APPARENT DEADLOCK!!! Creating emergency threads for unassigned pending tasks!

2015-07-30 00:06:59
[WARN]-[Thread: Timer-1]-[com.mchange.v2.async.ThreadPoolAsynchronousRunner$DeadlockDetector.run()]: com.mchange.v2.async.ThreadPoolAsynchronousRunner$DeadlockDetector@eff489 -- APPARENT DEADLOCK!!! Complete Status: 
	Managed Threads: 3
	Active Threads: 0
	Active Tasks: 
	Pending Tasks: 
		com.mchange.v2.resourcepool.BasicResourcePool$AcquireTask@f620ac
		com.mchange.v2.resourcepool.BasicResourcePool$AcquireTask@db26c1
		com.mchange.v2.resourcepool.BasicResourcePool$AcquireTask@1cd57b3
		com.mchange.v2.resourcepool.BasicResourcePool$AcquireTask@38e637
		com.mchange.v2.resourcepool.BasicResourcePool$AcquireTask@1924af2
		com.mchange.v2.resourcepool.BasicResourcePool$AcquireTask@17685dc
		com.mchange.v2.resourcepool.BasicResourcePool$AcquireTask@4e46dc
		com.mchange.v2.resourcepool.BasicResourcePool$AcquireTask@10e1cda
		com.mchange.v2.resourcepool.BasicResourcePool$AcquireTask@188476c
		com.mchange.v2.resourcepool.BasicResourcePool$AcquireTask@91cdb
Pool thread stack traces:
	Thread[com.mchange.v2.async.ThreadPoolAsynchronousRunner$PoolThread-#2,5,]
	Thread[com.mchange.v2.async.ThreadPoolAsynchronousRunner$PoolThread-#1,5,]
	Thread[com.mchange.v2.async.ThreadPoolAsynchronousRunner$PoolThread-#0,5,]



2015-07-30 00:07:19
[WARN]-[Thread: Timer-1]-[com.mchange.v2.async.ThreadPoolAsynchronousRunner$DeadlockDetector.run()]: com.mchange.v2.async.ThreadPoolAsynchronousRunner$DeadlockDetector@eff489 -- APPARENT DEADLOCK!!! Creating emergency threads for unassigned pending tasks!

2015-07-30 00:07:19
[WARN]-[Thread: Timer-1]-[com.mchange.v2.async.ThreadPoolAsynchronousRunner$DeadlockDetector.run()]: com.mchange.v2.async.ThreadPoolAsynchronousRunner$DeadlockDetector@eff489 -- APPARENT DEADLOCK!!! Complete Status: 
	Managed Threads: 3
	Active Threads: 0
	Active Tasks: 
	Pending Tasks: 
		com.mchange.v2.resourcepool.BasicResourcePool$AcquireTask@23d6db
		com.mchange.v2.resourcepool.BasicResourcePool$AcquireTask@eec4f5
		com.mchange.v2.resourcepool.BasicResourcePool$AcquireTask@1c4f1ed
		com.mchange.v2.resourcepool.BasicResourcePool$AcquireTask@e736e8
		com.mchange.v2.resourcepool.BasicResourcePool$AcquireTask@1c5c82b
		com.mchange.v2.resourcepool.BasicResourcePool$AcquireTask@1d88724
		com.mchange.v2.resourcepool.BasicResourcePool$AcquireTask@904d6e
		com.mchange.v2.resourcepool.BasicResourcePool$AcquireTask@1cb88a4
		com.mchange.v2.resourcepool.BasicResourcePool$AcquireTask@177c8ee
		com.mchange.v2.resourcepool.BasicResourcePool$AcquireTask@1289580
Pool thread stack traces:
	Thread[com.mchange.v2.async.ThreadPoolAsynchronousRunner$PoolThread-#1,5,]
	Thread[com.mchange.v2.async.ThreadPoolAsynchronousRunner$PoolThread-#0,5,]
	Thread[com.mchange.v2.async.ThreadPoolAsynchronousRunner$PoolThread-#2,5,]



2015-07-30 00:07:39
[WARN]-[Thread: Timer-1]-[com.mchange.v2.async.ThreadPoolAsynchronousRunner$DeadlockDetector.run()]: com.mchange.v2.async.ThreadPoolAsynchronousRunner$DeadlockDetector@eff489 -- APPARENT DEADLOCK!!! Creating emergency threads for unassigned pending tasks!

2015-07-30 00:07:39
[WARN]-[Thread: Timer-1]-[com.mchange.v2.async.ThreadPoolAsynchronousRunner$DeadlockDetector.run()]: com.mchange.v2.async.ThreadPoolAsynchronousRunner$DeadlockDetector@eff489 -- APPARENT DEADLOCK!!! Complete Status: 
	Managed Threads: 3
	Active Threads: 0
	Active Tasks: 
	Pending Tasks: 
		com.mchange.v2.resourcepool.BasicResourcePool$AcquireTask@558611
		com.mchange.v2.resourcepool.BasicResourcePool$AcquireTask@d4feae
		com.mchange.v2.resourcepool.BasicResourcePool$AcquireTask@19c6a8d
		com.mchange.v2.resourcepool.BasicResourcePool$AcquireTask@17883a
		com.mchange.v2.resourcepool.BasicResourcePool$AcquireTask@f09af5
		com.mchange.v2.resourcepool.BasicResourcePool$AcquireTask@4d85c7
		com.mchange.v2.resourcepool.BasicResourcePool$AcquireTask@189d534
		com.mchange.v2.resourcepool.BasicResourcePool$AcquireTask@c5919
		com.mchange.v2.resourcepool.BasicResourcePool$AcquireTask@ad8190
		com.mchange.v2.resourcepool.BasicResourcePool$AcquireTask@1154aa0
Pool thread stack traces:
	Thread[com.mchange.v2.async.ThreadPoolAsynchronousRunner$PoolThread-#1,5,]
	Thread[com.mchange.v2.async.ThreadPoolAsynchronousRunner$PoolThread-#0,5,]
	Thread[com.mchange.v2.async.ThreadPoolAsynchronousRunner$PoolThread-#2,5,]


